<?xml version="1.0" encoding="UTF-8"?>
<!-- Generated by org.testng.reporters.JUnitReportReporter -->
<testsuite hostname="Razewing" failures="0" tests="2" name="tests.Setup" time="5.260" errors="0" timestamp="2022-02-25T20:42:47 GMT-06:00" skipped="0">
  <testcase classname="tests.Setup" name="alarmClick" time="2.257"/>
  <system-out/>
  <testcase classname="tests.Setup" name="changeAlarmTime" time="3.003"/>
  <system-out/>
</testsuite> <!-- tests.Setup -->
