<?xml version="1.0" encoding="UTF-8"?>
<!-- Generated by org.testng.reporters.JUnitReportReporter -->
<testsuite hostname="Razewing" failures="0" tests="3" name="tests.AlarmTests" time="6.096" errors="0" timestamp="2022-02-25T21:25:14 GMT-06:00" skipped="0">
  <testcase classname="tests.AlarmTests" name="createNewAlarmCancel" time="0.909"/>
  <system-out/>
  <testcase classname="tests.AlarmTests" name="changeAlarmTime" time="2.955"/>
  <system-out/>
  <testcase classname="tests.AlarmTests" name="alarmTimeValidFormat" time="2.232"/>
  <system-out/>
</testsuite> <!-- tests.AlarmTests -->
