<?xml version="1.0" encoding="UTF-8"?>
<!-- Generated by org.testng.reporters.JUnitReportReporter -->
<testsuite hostname="Razewing" failures="0" tests="1" name="tests.AlarmTests" time="2.276" errors="0" timestamp="2022-07-27T18:01:18 GMT-06:00" skipped="0">
  <testcase classname="tests.AlarmTests" name="checkAlarmTimeMatch" time="2.276"/>
  <system-out/>
</testsuite> <!-- tests.AlarmTests -->
